{"C:\\Users\\RichardEsparza\\Projects\\demo-app-backend\\build\\src\\config\\db.config.js": {"path":"C:\\Users\\RichardEsparza\\Projects\\demo-app-backend\\build\\src\\config\\db.config.js","statementMap":{"0":{"start":{"line":2,"column":0},"end":{"line":2,"column":62}},"1":{"start":{"line":3,"column":20},"end":{"line":3,"column":40}},"2":{"start":{"line":4,"column":18},"end":{"line":8,"column":2}},"3":{"start":{"line":9,"column":0},"end":{"line":9,"column":28}}},"fnMap":{},"branchMap":{},"s":{"0":5,"1":5,"2":5,"3":5},"f":{},"b":{},"inputSourceMap":null,"_coverageSchema":"1a1c01bbd47fc00a2c39e90264f33305004495a9","hash":"251788bd7b2b19aa57cdab9e122462fc263da153"}
,"C:\\Users\\RichardEsparza\\Projects\\demo-app-backend\\build\\src\\controllers\\entry.controller.js": {"path":"C:\\Users\\RichardEsparza\\Projects\\demo-app-backend\\build\\src\\controllers\\entry.controller.js","statementMap":{"0":{"start":{"line":2,"column":22},"end":{"line":12,"column":3}},"1":{"start":{"line":3,"column":4},"end":{"line":3,"column":33}},"2":{"start":{"line":3,"column":26},"end":{"line":3,"column":33}},"3":{"start":{"line":4,"column":15},"end":{"line":4,"column":52}},"4":{"start":{"line":5,"column":4},"end":{"line":7,"column":5}},"5":{"start":{"line":6,"column":6},"end":{"line":6,"column":68}},"6":{"start":{"line":6,"column":51},"end":{"line":6,"column":63}},"7":{"start":{"line":8,"column":4},"end":{"line":8,"column":39}},"8":{"start":{"line":10,"column":4},"end":{"line":10,"column":33}},"9":{"start":{"line":10,"column":26},"end":{"line":10,"column":33}},"10":{"start":{"line":11,"column":4},"end":{"line":11,"column":17}},"11":{"start":{"line":13,"column":25},"end":{"line":17,"column":2}},"12":{"start":{"line":14,"column":4},"end":{"line":14,"column":72}},"13":{"start":{"line":16,"column":4},"end":{"line":16,"column":21}},"14":{"start":{"line":18,"column":19},"end":{"line":34,"column":4}},"15":{"start":{"line":19,"column":18},"end":{"line":26,"column":5}},"16":{"start":{"line":20,"column":8},"end":{"line":24,"column":10}},"17":{"start":{"line":21,"column":21},"end":{"line":21,"column":23}},"18":{"start":{"line":22,"column":12},"end":{"line":22,"column":95}},"19":{"start":{"line":22,"column":29},"end":{"line":22,"column":95}},"20":{"start":{"line":22,"column":77},"end":{"line":22,"column":95}},"21":{"start":{"line":23,"column":12},"end":{"line":23,"column":22}},"22":{"start":{"line":25,"column":8},"end":{"line":25,"column":26}},"23":{"start":{"line":27,"column":4},"end":{"line":33,"column":6}},"24":{"start":{"line":28,"column":8},"end":{"line":28,"column":46}},"25":{"start":{"line":28,"column":35},"end":{"line":28,"column":46}},"26":{"start":{"line":29,"column":21},"end":{"line":29,"column":23}},"27":{"start":{"line":30,"column":8},"end":{"line":30,"column":137}},"28":{"start":{"line":30,"column":25},"end":{"line":30,"column":137}},"29":{"start":{"line":30,"column":38},"end":{"line":30,"column":50}},"30":{"start":{"line":30,"column":56},"end":{"line":30,"column":57}},"31":{"start":{"line":30,"column":78},"end":{"line":30,"column":137}},"32":{"start":{"line":30,"column":102},"end":{"line":30,"column":137}},"33":{"start":{"line":31,"column":8},"end":{"line":31,"column":40}},"34":{"start":{"line":32,"column":8},"end":{"line":32,"column":22}},"35":{"start":{"line":35,"column":16},"end":{"line":43,"column":1}},"36":{"start":{"line":36,"column":28},"end":{"line":36,"column":110}},"37":{"start":{"line":36,"column":91},"end":{"line":36,"column":106}},"38":{"start":{"line":37,"column":4},"end":{"line":42,"column":7}},"39":{"start":{"line":38,"column":36},"end":{"line":38,"column":97}},"40":{"start":{"line":38,"column":42},"end":{"line":38,"column":70}},"41":{"start":{"line":38,"column":85},"end":{"line":38,"column":95}},"42":{"start":{"line":39,"column":35},"end":{"line":39,"column":100}},"43":{"start":{"line":39,"column":41},"end":{"line":39,"column":73}},"44":{"start":{"line":39,"column":88},"end":{"line":39,"column":98}},"45":{"start":{"line":40,"column":32},"end":{"line":40,"column":116}},"46":{"start":{"line":41,"column":8},"end":{"line":41,"column":78}},"47":{"start":{"line":44,"column":22},"end":{"line":46,"column":1}},"48":{"start":{"line":45,"column":4},"end":{"line":45,"column":62}},"49":{"start":{"line":47,"column":0},"end":{"line":47,"column":62}},"50":{"start":{"line":48,"column":0},"end":{"line":48,"column":33}},"51":{"start":{"line":49,"column":16},"end":{"line":49,"column":49}},"52":{"start":{"line":50,"column":16},"end":{"line":50,"column":48}},"53":{"start":{"line":53,"column":8},"end":{"line":53,"column":47}},"54":{"start":{"line":54,"column":8},"end":{"line":54,"column":35}},"55":{"start":{"line":55,"column":8},"end":{"line":55,"column":47}},"56":{"start":{"line":58,"column":8},"end":{"line":95,"column":11}},"57":{"start":{"line":59,"column":12},"end":{"line":94,"column":13}},"58":{"start":{"line":60,"column":33},"end":{"line":60,"column":74}},"59":{"start":{"line":61,"column":16},"end":{"line":89,"column":17}},"60":{"start":{"line":62,"column":33},"end":{"line":62,"column":46}},"61":{"start":{"line":63,"column":30},"end":{"line":63,"column":48}},"62":{"start":{"line":64,"column":41},"end":{"line":64,"column":43}},"63":{"start":{"line":65,"column":20},"end":{"line":82,"column":23}},"64":{"start":{"line":66,"column":37},"end":{"line":66,"column":47}},"65":{"start":{"line":67,"column":48},"end":{"line":67,"column":66}},"66":{"start":{"line":68,"column":45},"end":{"line":68,"column":72}},"67":{"start":{"line":69,"column":47},"end":{"line":69,"column":58}},"68":{"start":{"line":70,"column":41},"end":{"line":70,"column":63}},"69":{"start":{"line":71,"column":38},"end":{"line":71,"column":57}},"70":{"start":{"line":72,"column":43},"end":{"line":72,"column":101}},"71":{"start":{"line":73,"column":44},"end":{"line":73,"column":95}},"72":{"start":{"line":74,"column":39},"end":{"line":74,"column":98}},"73":{"start":{"line":75,"column":45},"end":{"line":75,"column":111}},"74":{"start":{"line":76,"column":24},"end":{"line":81,"column":27}},"75":{"start":{"line":83,"column":20},"end":{"line":83,"column":65}},"76":{"start":{"line":84,"column":20},"end":{"line":84,"column":73}},"77":{"start":{"line":85,"column":20},"end":{"line":85,"column":106}},"78":{"start":{"line":88,"column":20},"end":{"line":88,"column":95}},"79":{"start":{"line":92,"column":16},"end":{"line":92,"column":63}},"80":{"start":{"line":93,"column":16},"end":{"line":93,"column":76}},"81":{"start":{"line":98,"column":8},"end":{"line":107,"column":11}},"82":{"start":{"line":99,"column":12},"end":{"line":106,"column":13}},"83":{"start":{"line":100,"column":30},"end":{"line":100,"column":72}},"84":{"start":{"line":101,"column":16},"end":{"line":101,"column":32}},"85":{"start":{"line":104,"column":16},"end":{"line":104,"column":64}},"86":{"start":{"line":105,"column":16},"end":{"line":105,"column":81}},"87":{"start":{"line":110,"column":8},"end":{"line":119,"column":11}},"88":{"start":{"line":111,"column":12},"end":{"line":118,"column":13}},"89":{"start":{"line":112,"column":16},"end":{"line":112,"column":61}},"90":{"start":{"line":113,"column":16},"end":{"line":113,"column":71}},"91":{"start":{"line":116,"column":16},"end":{"line":116,"column":64}},"92":{"start":{"line":117,"column":16},"end":{"line":117,"column":81}},"93":{"start":{"line":122,"column":8},"end":{"line":139,"column":11}},"94":{"start":{"line":123,"column":12},"end":{"line":138,"column":13}},"95":{"start":{"line":124,"column":33},"end":{"line":124,"column":34}},"96":{"start":{"line":125,"column":32},"end":{"line":125,"column":140}},"97":{"start":{"line":126,"column":38},"end":{"line":126,"column":85}},"98":{"start":{"line":127,"column":37},"end":{"line":127,"column":84}},"99":{"start":{"line":128,"column":28},"end":{"line":131,"column":17}},"100":{"start":{"line":132,"column":16},"end":{"line":132,"column":57}},"101":{"start":{"line":133,"column":16},"end":{"line":133,"column":46}},"102":{"start":{"line":136,"column":16},"end":{"line":136,"column":73}},"103":{"start":{"line":137,"column":16},"end":{"line":137,"column":86}},"104":{"start":{"line":142,"column":0},"end":{"line":142,"column":42}}},"fnMap":{"0":{"name":"(anonymous_0)","decl":{"start":{"line":2,"column":74},"end":{"line":2,"column":75}},"loc":{"start":{"line":2,"column":96},"end":{"line":9,"column":1}},"line":2},"1":{"name":"(anonymous_1)","decl":{"start":{"line":6,"column":38},"end":{"line":6,"column":39}},"loc":{"start":{"line":6,"column":49},"end":{"line":6,"column":65}},"line":6},"2":{"name":"(anonymous_2)","decl":{"start":{"line":9,"column":6},"end":{"line":9,"column":7}},"loc":{"start":{"line":9,"column":28},"end":{"line":12,"column":1}},"line":9},"3":{"name":"(anonymous_3)","decl":{"start":{"line":13,"column":80},"end":{"line":13,"column":81}},"loc":{"start":{"line":13,"column":95},"end":{"line":15,"column":1}},"line":13},"4":{"name":"(anonymous_4)","decl":{"start":{"line":15,"column":5},"end":{"line":15,"column":6}},"loc":{"start":{"line":15,"column":20},"end":{"line":17,"column":1}},"line":15},"5":{"name":"(anonymous_5)","decl":{"start":{"line":18,"column":51},"end":{"line":18,"column":52}},"loc":{"start":{"line":18,"column":63},"end":{"line":34,"column":1}},"line":18},"6":{"name":"(anonymous_6)","decl":{"start":{"line":19,"column":18},"end":{"line":19,"column":19}},"loc":{"start":{"line":19,"column":30},"end":{"line":26,"column":5}},"line":19},"7":{"name":"(anonymous_7)","decl":{"start":{"line":20,"column":48},"end":{"line":20,"column":49}},"loc":{"start":{"line":20,"column":61},"end":{"line":24,"column":9}},"line":20},"8":{"name":"(anonymous_8)","decl":{"start":{"line":27,"column":11},"end":{"line":27,"column":12}},"loc":{"start":{"line":27,"column":26},"end":{"line":33,"column":5}},"line":27},"9":{"name":"(anonymous_9)","decl":{"start":{"line":35,"column":44},"end":{"line":35,"column":45}},"loc":{"start":{"line":35,"column":89},"end":{"line":43,"column":1}},"line":35},"10":{"name":"adopt","decl":{"start":{"line":36,"column":13},"end":{"line":36,"column":18}},"loc":{"start":{"line":36,"column":26},"end":{"line":36,"column":112}},"line":36},"11":{"name":"(anonymous_11)","decl":{"start":{"line":36,"column":70},"end":{"line":36,"column":71}},"loc":{"start":{"line":36,"column":89},"end":{"line":36,"column":108}},"line":36},"12":{"name":"(anonymous_12)","decl":{"start":{"line":37,"column":36},"end":{"line":37,"column":37}},"loc":{"start":{"line":37,"column":63},"end":{"line":42,"column":5}},"line":37},"13":{"name":"fulfilled","decl":{"start":{"line":38,"column":17},"end":{"line":38,"column":26}},"loc":{"start":{"line":38,"column":34},"end":{"line":38,"column":99}},"line":38},"14":{"name":"rejected","decl":{"start":{"line":39,"column":17},"end":{"line":39,"column":25}},"loc":{"start":{"line":39,"column":33},"end":{"line":39,"column":102}},"line":39},"15":{"name":"step","decl":{"start":{"line":40,"column":17},"end":{"line":40,"column":21}},"loc":{"start":{"line":40,"column":30},"end":{"line":40,"column":118}},"line":40},"16":{"name":"(anonymous_16)","decl":{"start":{"line":44,"column":56},"end":{"line":44,"column":57}},"loc":{"start":{"line":44,"column":71},"end":{"line":46,"column":1}},"line":44},"17":{"name":"(anonymous_17)","decl":{"start":{"line":52,"column":4},"end":{"line":52,"column":5}},"loc":{"start":{"line":52,"column":61},"end":{"line":56,"column":5}},"line":52},"18":{"name":"(anonymous_18)","decl":{"start":{"line":57,"column":4},"end":{"line":57,"column":5}},"loc":{"start":{"line":57,"column":28},"end":{"line":96,"column":5}},"line":57},"19":{"name":"(anonymous_19)","decl":{"start":{"line":58,"column":47},"end":{"line":58,"column":48}},"loc":{"start":{"line":58,"column":60},"end":{"line":95,"column":9}},"line":58},"20":{"name":"(anonymous_20)","decl":{"start":{"line":65,"column":38},"end":{"line":65,"column":39}},"loc":{"start":{"line":65,"column":54},"end":{"line":82,"column":21}},"line":65},"21":{"name":"(anonymous_21)","decl":{"start":{"line":97,"column":4},"end":{"line":97,"column":5}},"loc":{"start":{"line":97,"column":25},"end":{"line":108,"column":5}},"line":97},"22":{"name":"(anonymous_22)","decl":{"start":{"line":98,"column":47},"end":{"line":98,"column":48}},"loc":{"start":{"line":98,"column":60},"end":{"line":107,"column":9}},"line":98},"23":{"name":"(anonymous_23)","decl":{"start":{"line":109,"column":4},"end":{"line":109,"column":5}},"loc":{"start":{"line":109,"column":28},"end":{"line":120,"column":5}},"line":109},"24":{"name":"(anonymous_24)","decl":{"start":{"line":110,"column":47},"end":{"line":110,"column":48}},"loc":{"start":{"line":110,"column":60},"end":{"line":119,"column":9}},"line":110},"25":{"name":"(anonymous_25)","decl":{"start":{"line":121,"column":4},"end":{"line":121,"column":5}},"loc":{"start":{"line":121,"column":40},"end":{"line":140,"column":5}},"line":121},"26":{"name":"(anonymous_26)","decl":{"start":{"line":122,"column":47},"end":{"line":122,"column":48}},"loc":{"start":{"line":122,"column":60},"end":{"line":139,"column":9}},"line":122}},"branchMap":{"0":{"loc":{"start":{"line":2,"column":22},"end":{"line":12,"column":3}},"type":"binary-expr","locations":[{"start":{"line":2,"column":23},"end":{"line":2,"column":27}},{"start":{"line":2,"column":31},"end":{"line":2,"column":51}},{"start":{"line":2,"column":57},"end":{"line":12,"column":2}}],"line":2},"1":{"loc":{"start":{"line":2,"column":57},"end":{"line":12,"column":2}},"type":"cond-expr","locations":[{"start":{"line":2,"column":74},"end":{"line":9,"column":1}},{"start":{"line":9,"column":6},"end":{"line":12,"column":1}}],"line":2},"2":{"loc":{"start":{"line":3,"column":4},"end":{"line":3,"column":33}},"type":"if","locations":[{"start":{"line":3,"column":4},"end":{"line":3,"column":33}},{"start":{},"end":{}}],"line":3},"3":{"loc":{"start":{"line":5,"column":4},"end":{"line":7,"column":5}},"type":"if","locations":[{"start":{"line":5,"column":4},"end":{"line":7,"column":5}},{"start":{},"end":{}}],"line":5},"4":{"loc":{"start":{"line":5,"column":8},"end":{"line":5,"column":85}},"type":"binary-expr","locations":[{"start":{"line":5,"column":8},"end":{"line":5,"column":13}},{"start":{"line":5,"column":18},"end":{"line":5,"column":84}}],"line":5},"5":{"loc":{"start":{"line":5,"column":18},"end":{"line":5,"column":84}},"type":"cond-expr","locations":[{"start":{"line":5,"column":34},"end":{"line":5,"column":47}},{"start":{"line":5,"column":50},"end":{"line":5,"column":84}}],"line":5},"6":{"loc":{"start":{"line":5,"column":50},"end":{"line":5,"column":84}},"type":"binary-expr","locations":[{"start":{"line":5,"column":50},"end":{"line":5,"column":63}},{"start":{"line":5,"column":67},"end":{"line":5,"column":84}}],"line":5},"7":{"loc":{"start":{"line":10,"column":4},"end":{"line":10,"column":33}},"type":"if","locations":[{"start":{"line":10,"column":4},"end":{"line":10,"column":33}},{"start":{},"end":{}}],"line":10},"8":{"loc":{"start":{"line":13,"column":25},"end":{"line":17,"column":2}},"type":"binary-expr","locations":[{"start":{"line":13,"column":26},"end":{"line":13,"column":30}},{"start":{"line":13,"column":34},"end":{"line":13,"column":57}},{"start":{"line":13,"column":63},"end":{"line":17,"column":1}}],"line":13},"9":{"loc":{"start":{"line":13,"column":63},"end":{"line":17,"column":1}},"type":"cond-expr","locations":[{"start":{"line":13,"column":80},"end":{"line":15,"column":1}},{"start":{"line":15,"column":5},"end":{"line":17,"column":1}}],"line":13},"10":{"loc":{"start":{"line":18,"column":19},"end":{"line":34,"column":4}},"type":"binary-expr","locations":[{"start":{"line":18,"column":20},"end":{"line":18,"column":24}},{"start":{"line":18,"column":28},"end":{"line":18,"column":45}},{"start":{"line":18,"column":50},"end":{"line":34,"column":4}}],"line":18},"11":{"loc":{"start":{"line":20,"column":18},"end":{"line":24,"column":9}},"type":"binary-expr","locations":[{"start":{"line":20,"column":18},"end":{"line":20,"column":44}},{"start":{"line":20,"column":48},"end":{"line":24,"column":9}}],"line":20},"12":{"loc":{"start":{"line":22,"column":29},"end":{"line":22,"column":95}},"type":"if","locations":[{"start":{"line":22,"column":29},"end":{"line":22,"column":95}},{"start":{},"end":{}}],"line":22},"13":{"loc":{"start":{"line":28,"column":8},"end":{"line":28,"column":46}},"type":"if","locations":[{"start":{"line":28,"column":8},"end":{"line":28,"column":46}},{"start":{},"end":{}}],"line":28},"14":{"loc":{"start":{"line":28,"column":12},"end":{"line":28,"column":33}},"type":"binary-expr","locations":[{"start":{"line":28,"column":12},"end":{"line":28,"column":15}},{"start":{"line":28,"column":19},"end":{"line":28,"column":33}}],"line":28},"15":{"loc":{"start":{"line":30,"column":8},"end":{"line":30,"column":137}},"type":"if","locations":[{"start":{"line":30,"column":8},"end":{"line":30,"column":137}},{"start":{},"end":{}}],"line":30},"16":{"loc":{"start":{"line":30,"column":78},"end":{"line":30,"column":137}},"type":"if","locations":[{"start":{"line":30,"column":78},"end":{"line":30,"column":137}},{"start":{},"end":{}}],"line":30},"17":{"loc":{"start":{"line":35,"column":16},"end":{"line":43,"column":1}},"type":"binary-expr","locations":[{"start":{"line":35,"column":17},"end":{"line":35,"column":21}},{"start":{"line":35,"column":25},"end":{"line":35,"column":39}},{"start":{"line":35,"column":44},"end":{"line":43,"column":1}}],"line":35},"18":{"loc":{"start":{"line":36,"column":35},"end":{"line":36,"column":109}},"type":"cond-expr","locations":[{"start":{"line":36,"column":56},"end":{"line":36,"column":61}},{"start":{"line":36,"column":64},"end":{"line":36,"column":109}}],"line":36},"19":{"loc":{"start":{"line":37,"column":16},"end":{"line":37,"column":34}},"type":"binary-expr","locations":[{"start":{"line":37,"column":16},"end":{"line":37,"column":17}},{"start":{"line":37,"column":22},"end":{"line":37,"column":33}}],"line":37},"20":{"loc":{"start":{"line":40,"column":32},"end":{"line":40,"column":115}},"type":"cond-expr","locations":[{"start":{"line":40,"column":46},"end":{"line":40,"column":67}},{"start":{"line":40,"column":70},"end":{"line":40,"column":115}}],"line":40},"21":{"loc":{"start":{"line":41,"column":51},"end":{"line":41,"column":67}},"type":"binary-expr","locations":[{"start":{"line":41,"column":51},"end":{"line":41,"column":61}},{"start":{"line":41,"column":65},"end":{"line":41,"column":67}}],"line":41},"22":{"loc":{"start":{"line":44,"column":22},"end":{"line":46,"column":1}},"type":"binary-expr","locations":[{"start":{"line":44,"column":23},"end":{"line":44,"column":27}},{"start":{"line":44,"column":31},"end":{"line":44,"column":51}},{"start":{"line":44,"column":56},"end":{"line":46,"column":1}}],"line":44},"23":{"loc":{"start":{"line":45,"column":11},"end":{"line":45,"column":61}},"type":"cond-expr","locations":[{"start":{"line":45,"column":37},"end":{"line":45,"column":40}},{"start":{"line":45,"column":43},"end":{"line":45,"column":61}}],"line":45},"24":{"loc":{"start":{"line":45,"column":12},"end":{"line":45,"column":33}},"type":"binary-expr","locations":[{"start":{"line":45,"column":12},"end":{"line":45,"column":15}},{"start":{"line":45,"column":19},"end":{"line":45,"column":33}}],"line":45},"25":{"loc":{"start":{"line":61,"column":16},"end":{"line":89,"column":17}},"type":"if","locations":[{"start":{"line":61,"column":16},"end":{"line":89,"column":17}},{"start":{"line":87,"column":21},"end":{"line":89,"column":17}}],"line":61},"26":{"loc":{"start":{"line":74,"column":39},"end":{"line":74,"column":98}},"type":"cond-expr","locations":[{"start":{"line":74,"column":52},"end":{"line":74,"column":86}},{"start":{"line":74,"column":89},"end":{"line":74,"column":98}}],"line":74},"27":{"loc":{"start":{"line":75,"column":45},"end":{"line":75,"column":111}},"type":"cond-expr","locations":[{"start":{"line":75,"column":59},"end":{"line":75,"column":99}},{"start":{"line":75,"column":102},"end":{"line":75,"column":111}}],"line":75}},"s":{"0":1,"1":0,"2":0,"3":0,"4":0,"5":0,"6":0,"7":0,"8":0,"9":0,"10":0,"11":1,"12":0,"13":0,"14":1,"15":1,"16":0,"17":0,"18":0,"19":0,"20":0,"21":0,"22":0,"23":1,"24":1,"25":1,"26":0,"27":0,"28":0,"29":0,"30":0,"31":0,"32":0,"33":0,"34":0,"35":1,"36":7,"37":0,"38":4,"39":7,"40":7,"41":0,"42":0,"43":0,"44":0,"45":11,"46":4,"47":1,"48":1,"49":1,"50":1,"51":1,"52":1,"53":1,"54":1,"55":1,"56":1,"57":1,"58":1,"59":1,"60":1,"61":1,"62":1,"63":1,"64":30,"65":30,"66":30,"67":30,"68":30,"69":30,"70":30,"71":30,"72":30,"73":30,"74":30,"75":1,"76":1,"77":1,"78":0,"79":0,"80":0,"81":1,"82":1,"83":1,"84":1,"85":0,"86":0,"87":1,"88":1,"89":1,"90":1,"91":0,"92":0,"93":1,"94":1,"95":1,"96":1,"97":1,"98":1,"99":1,"100":1,"101":1,"102":0,"103":0,"104":1},"f":{"0":0,"1":0,"2":0,"3":0,"4":0,"5":1,"6":0,"7":0,"8":1,"9":4,"10":7,"11":0,"12":4,"13":7,"14":0,"15":11,"16":1,"17":1,"18":1,"19":1,"20":30,"21":1,"22":1,"23":1,"24":1,"25":1,"26":1},"b":{"0":[1,1,1],"1":[1,0],"2":[0,0],"3":[0,0],"4":[0,0],"5":[0,0],"6":[0,0],"7":[0,0],"8":[1,1,1],"9":[1,0],"10":[1,1,1],"11":[0,0],"12":[0,0],"13":[1,0],"14":[1,1],"15":[0,0],"16":[0,0],"17":[1,1,1],"18":[7,0],"19":[4,4],"20":[4,7],"21":[4,4],"22":[1,1,1],"23":[0,1],"24":[1,1],"25":[1,0],"26":[29,1],"27":[28,2]},"inputSourceMap":null,"_coverageSchema":"1a1c01bbd47fc00a2c39e90264f33305004495a9","hash":"2b16e6d8a0b85717f17a6cfa0eeb943e87ff8ba8"}
,"C:\\Users\\RichardEsparza\\Projects\\demo-app-backend\\build\\src\\controllers\\usage.controller.js": {"path":"C:\\Users\\RichardEsparza\\Projects\\demo-app-backend\\build\\src\\controllers\\usage.controller.js","statementMap":{"0":{"start":{"line":2,"column":16},"end":{"line":10,"column":1}},"1":{"start":{"line":3,"column":28},"end":{"line":3,"column":110}},"2":{"start":{"line":3,"column":91},"end":{"line":3,"column":106}},"3":{"start":{"line":4,"column":4},"end":{"line":9,"column":7}},"4":{"start":{"line":5,"column":36},"end":{"line":5,"column":97}},"5":{"start":{"line":5,"column":42},"end":{"line":5,"column":70}},"6":{"start":{"line":5,"column":85},"end":{"line":5,"column":95}},"7":{"start":{"line":6,"column":35},"end":{"line":6,"column":100}},"8":{"start":{"line":6,"column":41},"end":{"line":6,"column":73}},"9":{"start":{"line":6,"column":88},"end":{"line":6,"column":98}},"10":{"start":{"line":7,"column":32},"end":{"line":7,"column":116}},"11":{"start":{"line":8,"column":8},"end":{"line":8,"column":78}},"12":{"start":{"line":11,"column":0},"end":{"line":11,"column":62}},"13":{"start":{"line":12,"column":0},"end":{"line":12,"column":33}},"14":{"start":{"line":15,"column":8},"end":{"line":15,"column":47}},"15":{"start":{"line":18,"column":8},"end":{"line":27,"column":11}},"16":{"start":{"line":19,"column":12},"end":{"line":26,"column":13}},"17":{"start":{"line":20,"column":30},"end":{"line":20,"column":70}},"18":{"start":{"line":21,"column":16},"end":{"line":21,"column":32}},"19":{"start":{"line":24,"column":16},"end":{"line":24,"column":64}},"20":{"start":{"line":25,"column":16},"end":{"line":25,"column":81}},"21":{"start":{"line":30,"column":0},"end":{"line":30,"column":42}}},"fnMap":{"0":{"name":"(anonymous_0)","decl":{"start":{"line":2,"column":44},"end":{"line":2,"column":45}},"loc":{"start":{"line":2,"column":89},"end":{"line":10,"column":1}},"line":2},"1":{"name":"adopt","decl":{"start":{"line":3,"column":13},"end":{"line":3,"column":18}},"loc":{"start":{"line":3,"column":26},"end":{"line":3,"column":112}},"line":3},"2":{"name":"(anonymous_2)","decl":{"start":{"line":3,"column":70},"end":{"line":3,"column":71}},"loc":{"start":{"line":3,"column":89},"end":{"line":3,"column":108}},"line":3},"3":{"name":"(anonymous_3)","decl":{"start":{"line":4,"column":36},"end":{"line":4,"column":37}},"loc":{"start":{"line":4,"column":63},"end":{"line":9,"column":5}},"line":4},"4":{"name":"fulfilled","decl":{"start":{"line":5,"column":17},"end":{"line":5,"column":26}},"loc":{"start":{"line":5,"column":34},"end":{"line":5,"column":99}},"line":5},"5":{"name":"rejected","decl":{"start":{"line":6,"column":17},"end":{"line":6,"column":25}},"loc":{"start":{"line":6,"column":33},"end":{"line":6,"column":102}},"line":6},"6":{"name":"step","decl":{"start":{"line":7,"column":17},"end":{"line":7,"column":21}},"loc":{"start":{"line":7,"column":30},"end":{"line":7,"column":118}},"line":7},"7":{"name":"(anonymous_7)","decl":{"start":{"line":14,"column":4},"end":{"line":14,"column":5}},"loc":{"start":{"line":14,"column":33},"end":{"line":16,"column":5}},"line":14},"8":{"name":"(anonymous_8)","decl":{"start":{"line":17,"column":4},"end":{"line":17,"column":5}},"loc":{"start":{"line":17,"column":25},"end":{"line":28,"column":5}},"line":17},"9":{"name":"(anonymous_9)","decl":{"start":{"line":18,"column":47},"end":{"line":18,"column":48}},"loc":{"start":{"line":18,"column":60},"end":{"line":27,"column":9}},"line":18}},"branchMap":{"0":{"loc":{"start":{"line":2,"column":16},"end":{"line":10,"column":1}},"type":"binary-expr","locations":[{"start":{"line":2,"column":17},"end":{"line":2,"column":21}},{"start":{"line":2,"column":25},"end":{"line":2,"column":39}},{"start":{"line":2,"column":44},"end":{"line":10,"column":1}}],"line":2},"1":{"loc":{"start":{"line":3,"column":35},"end":{"line":3,"column":109}},"type":"cond-expr","locations":[{"start":{"line":3,"column":56},"end":{"line":3,"column":61}},{"start":{"line":3,"column":64},"end":{"line":3,"column":109}}],"line":3},"2":{"loc":{"start":{"line":4,"column":16},"end":{"line":4,"column":34}},"type":"binary-expr","locations":[{"start":{"line":4,"column":16},"end":{"line":4,"column":17}},{"start":{"line":4,"column":22},"end":{"line":4,"column":33}}],"line":4},"3":{"loc":{"start":{"line":7,"column":32},"end":{"line":7,"column":115}},"type":"cond-expr","locations":[{"start":{"line":7,"column":46},"end":{"line":7,"column":67}},{"start":{"line":7,"column":70},"end":{"line":7,"column":115}}],"line":7},"4":{"loc":{"start":{"line":8,"column":51},"end":{"line":8,"column":67}},"type":"binary-expr","locations":[{"start":{"line":8,"column":51},"end":{"line":8,"column":61}},{"start":{"line":8,"column":65},"end":{"line":8,"column":67}}],"line":8}},"s":{"0":1,"1":1,"2":0,"3":1,"4":1,"5":1,"6":0,"7":0,"8":0,"9":0,"10":2,"11":1,"12":1,"13":1,"14":1,"15":1,"16":1,"17":1,"18":1,"19":0,"20":0,"21":1},"f":{"0":1,"1":1,"2":0,"3":1,"4":1,"5":0,"6":2,"7":1,"8":1,"9":1},"b":{"0":[1,1,1],"1":[1,0],"2":[1,1],"3":[1,1],"4":[1,1]},"inputSourceMap":null,"_coverageSchema":"1a1c01bbd47fc00a2c39e90264f33305004495a9","hash":"b4e043b3a45997a99cc26314b345d17864007016"}
,"C:\\Users\\RichardEsparza\\Projects\\demo-app-backend\\build\\src\\models\\entry.model.js": {"path":"C:\\Users\\RichardEsparza\\Projects\\demo-app-backend\\build\\src\\models\\entry.model.js","statementMap":{"0":{"start":{"line":2,"column":22},"end":{"line":4,"column":1}},"1":{"start":{"line":3,"column":4},"end":{"line":3,"column":62}},"2":{"start":{"line":5,"column":0},"end":{"line":5,"column":62}},"3":{"start":{"line":6,"column":20},"end":{"line":6,"column":40}},"4":{"start":{"line":7,"column":20},"end":{"line":7,"column":67}},"5":{"start":{"line":10,"column":8},"end":{"line":37,"column":11}},"6":{"start":{"line":40,"column":0},"end":{"line":40,"column":38}},"7":{"start":{"line":41,"column":0},"end":{"line":41,"column":24}}},"fnMap":{"0":{"name":"(anonymous_0)","decl":{"start":{"line":2,"column":56},"end":{"line":2,"column":57}},"loc":{"start":{"line":2,"column":71},"end":{"line":4,"column":1}},"line":2},"1":{"name":"(anonymous_1)","decl":{"start":{"line":9,"column":4},"end":{"line":9,"column":5}},"loc":{"start":{"line":9,"column":33},"end":{"line":38,"column":5}},"line":9}},"branchMap":{"0":{"loc":{"start":{"line":2,"column":22},"end":{"line":4,"column":1}},"type":"binary-expr","locations":[{"start":{"line":2,"column":23},"end":{"line":2,"column":27}},{"start":{"line":2,"column":31},"end":{"line":2,"column":51}},{"start":{"line":2,"column":56},"end":{"line":4,"column":1}}],"line":2},"1":{"loc":{"start":{"line":3,"column":11},"end":{"line":3,"column":61}},"type":"cond-expr","locations":[{"start":{"line":3,"column":37},"end":{"line":3,"column":40}},{"start":{"line":3,"column":43},"end":{"line":3,"column":61}}],"line":3},"2":{"loc":{"start":{"line":3,"column":12},"end":{"line":3,"column":33}},"type":"binary-expr","locations":[{"start":{"line":3,"column":12},"end":{"line":3,"column":15}},{"start":{"line":3,"column":19},"end":{"line":3,"column":33}}],"line":3}},"s":{"0":2,"1":2,"2":2,"3":2,"4":2,"5":2,"6":2,"7":2},"f":{"0":2,"1":2},"b":{"0":[2,2,2],"1":[2,0],"2":[2,2]},"inputSourceMap":null,"_coverageSchema":"1a1c01bbd47fc00a2c39e90264f33305004495a9","hash":"17e4aeba4fe97977db86fd7795d2564ecc7954ea"}
,"C:\\Users\\RichardEsparza\\Projects\\demo-app-backend\\build\\src\\models\\usage.model.js": {"path":"C:\\Users\\RichardEsparza\\Projects\\demo-app-backend\\build\\src\\models\\usage.model.js","statementMap":{"0":{"start":{"line":2,"column":22},"end":{"line":4,"column":1}},"1":{"start":{"line":3,"column":4},"end":{"line":3,"column":62}},"2":{"start":{"line":5,"column":0},"end":{"line":5,"column":62}},"3":{"start":{"line":6,"column":20},"end":{"line":6,"column":40}},"4":{"start":{"line":7,"column":20},"end":{"line":7,"column":67}},"5":{"start":{"line":10,"column":8},"end":{"line":31,"column":11}},"6":{"start":{"line":34,"column":0},"end":{"line":34,"column":42}},"7":{"start":{"line":35,"column":0},"end":{"line":35,"column":28}}},"fnMap":{"0":{"name":"(anonymous_0)","decl":{"start":{"line":2,"column":56},"end":{"line":2,"column":57}},"loc":{"start":{"line":2,"column":71},"end":{"line":4,"column":1}},"line":2},"1":{"name":"(anonymous_1)","decl":{"start":{"line":9,"column":4},"end":{"line":9,"column":5}},"loc":{"start":{"line":9,"column":33},"end":{"line":32,"column":5}},"line":9}},"branchMap":{"0":{"loc":{"start":{"line":2,"column":22},"end":{"line":4,"column":1}},"type":"binary-expr","locations":[{"start":{"line":2,"column":23},"end":{"line":2,"column":27}},{"start":{"line":2,"column":31},"end":{"line":2,"column":51}},{"start":{"line":2,"column":56},"end":{"line":4,"column":1}}],"line":2},"1":{"loc":{"start":{"line":3,"column":11},"end":{"line":3,"column":61}},"type":"cond-expr","locations":[{"start":{"line":3,"column":37},"end":{"line":3,"column":40}},{"start":{"line":3,"column":43},"end":{"line":3,"column":61}}],"line":3},"2":{"loc":{"start":{"line":3,"column":12},"end":{"line":3,"column":33}},"type":"binary-expr","locations":[{"start":{"line":3,"column":12},"end":{"line":3,"column":15}},{"start":{"line":3,"column":19},"end":{"line":3,"column":33}}],"line":3}},"s":{"0":3,"1":3,"2":3,"3":3,"4":3,"5":3,"6":3,"7":3},"f":{"0":3,"1":3},"b":{"0":[3,3,3],"1":[3,0],"2":[3,3]},"inputSourceMap":null,"_coverageSchema":"1a1c01bbd47fc00a2c39e90264f33305004495a9","hash":"884a8299398cc859fdaca40f63211ae50f34b78b"}
,"C:\\Users\\RichardEsparza\\Projects\\demo-app-backend\\build\\src\\repositories\\usage.repository.js": {"path":"C:\\Users\\RichardEsparza\\Projects\\demo-app-backend\\build\\src\\repositories\\usage.repository.js","statementMap":{"0":{"start":{"line":2,"column":16},"end":{"line":10,"column":1}},"1":{"start":{"line":3,"column":28},"end":{"line":3,"column":110}},"2":{"start":{"line":3,"column":91},"end":{"line":3,"column":106}},"3":{"start":{"line":4,"column":4},"end":{"line":9,"column":7}},"4":{"start":{"line":5,"column":36},"end":{"line":5,"column":97}},"5":{"start":{"line":5,"column":42},"end":{"line":5,"column":70}},"6":{"start":{"line":5,"column":85},"end":{"line":5,"column":95}},"7":{"start":{"line":6,"column":35},"end":{"line":6,"column":100}},"8":{"start":{"line":6,"column":41},"end":{"line":6,"column":73}},"9":{"start":{"line":6,"column":88},"end":{"line":6,"column":98}},"10":{"start":{"line":7,"column":32},"end":{"line":7,"column":116}},"11":{"start":{"line":8,"column":8},"end":{"line":8,"column":78}},"12":{"start":{"line":11,"column":22},"end":{"line":13,"column":1}},"13":{"start":{"line":12,"column":4},"end":{"line":12,"column":62}},"14":{"start":{"line":14,"column":0},"end":{"line":14,"column":62}},"15":{"start":{"line":15,"column":0},"end":{"line":15,"column":33}},"16":{"start":{"line":16,"column":22},"end":{"line":16,"column":71}},"17":{"start":{"line":19,"column":8},"end":{"line":21,"column":11}},"18":{"start":{"line":20,"column":12},"end":{"line":20,"column":53}},"19":{"start":{"line":24,"column":8},"end":{"line":26,"column":11}},"20":{"start":{"line":25,"column":12},"end":{"line":25,"column":91}},"21":{"start":{"line":29,"column":0},"end":{"line":29,"column":42}}},"fnMap":{"0":{"name":"(anonymous_0)","decl":{"start":{"line":2,"column":44},"end":{"line":2,"column":45}},"loc":{"start":{"line":2,"column":89},"end":{"line":10,"column":1}},"line":2},"1":{"name":"adopt","decl":{"start":{"line":3,"column":13},"end":{"line":3,"column":18}},"loc":{"start":{"line":3,"column":26},"end":{"line":3,"column":112}},"line":3},"2":{"name":"(anonymous_2)","decl":{"start":{"line":3,"column":70},"end":{"line":3,"column":71}},"loc":{"start":{"line":3,"column":89},"end":{"line":3,"column":108}},"line":3},"3":{"name":"(anonymous_3)","decl":{"start":{"line":4,"column":36},"end":{"line":4,"column":37}},"loc":{"start":{"line":4,"column":63},"end":{"line":9,"column":5}},"line":4},"4":{"name":"fulfilled","decl":{"start":{"line":5,"column":17},"end":{"line":5,"column":26}},"loc":{"start":{"line":5,"column":34},"end":{"line":5,"column":99}},"line":5},"5":{"name":"rejected","decl":{"start":{"line":6,"column":17},"end":{"line":6,"column":25}},"loc":{"start":{"line":6,"column":33},"end":{"line":6,"column":102}},"line":6},"6":{"name":"step","decl":{"start":{"line":7,"column":17},"end":{"line":7,"column":21}},"loc":{"start":{"line":7,"column":30},"end":{"line":7,"column":118}},"line":7},"7":{"name":"(anonymous_7)","decl":{"start":{"line":11,"column":56},"end":{"line":11,"column":57}},"loc":{"start":{"line":11,"column":71},"end":{"line":13,"column":1}},"line":11},"8":{"name":"(anonymous_8)","decl":{"start":{"line":18,"column":4},"end":{"line":18,"column":5}},"loc":{"start":{"line":18,"column":19},"end":{"line":22,"column":5}},"line":18},"9":{"name":"(anonymous_9)","decl":{"start":{"line":19,"column":47},"end":{"line":19,"column":48}},"loc":{"start":{"line":19,"column":60},"end":{"line":21,"column":9}},"line":19},"10":{"name":"(anonymous_10)","decl":{"start":{"line":23,"column":4},"end":{"line":23,"column":5}},"loc":{"start":{"line":23,"column":18},"end":{"line":27,"column":5}},"line":23},"11":{"name":"(anonymous_11)","decl":{"start":{"line":24,"column":47},"end":{"line":24,"column":48}},"loc":{"start":{"line":24,"column":60},"end":{"line":26,"column":9}},"line":24}},"branchMap":{"0":{"loc":{"start":{"line":2,"column":16},"end":{"line":10,"column":1}},"type":"binary-expr","locations":[{"start":{"line":2,"column":17},"end":{"line":2,"column":21}},{"start":{"line":2,"column":25},"end":{"line":2,"column":39}},{"start":{"line":2,"column":44},"end":{"line":10,"column":1}}],"line":2},"1":{"loc":{"start":{"line":3,"column":35},"end":{"line":3,"column":109}},"type":"cond-expr","locations":[{"start":{"line":3,"column":56},"end":{"line":3,"column":61}},{"start":{"line":3,"column":64},"end":{"line":3,"column":109}}],"line":3},"2":{"loc":{"start":{"line":4,"column":16},"end":{"line":4,"column":34}},"type":"binary-expr","locations":[{"start":{"line":4,"column":16},"end":{"line":4,"column":17}},{"start":{"line":4,"column":22},"end":{"line":4,"column":33}}],"line":4},"3":{"loc":{"start":{"line":7,"column":32},"end":{"line":7,"column":115}},"type":"cond-expr","locations":[{"start":{"line":7,"column":46},"end":{"line":7,"column":67}},{"start":{"line":7,"column":70},"end":{"line":7,"column":115}}],"line":7},"4":{"loc":{"start":{"line":8,"column":51},"end":{"line":8,"column":67}},"type":"binary-expr","locations":[{"start":{"line":8,"column":51},"end":{"line":8,"column":61}},{"start":{"line":8,"column":65},"end":{"line":8,"column":67}}],"line":8},"5":{"loc":{"start":{"line":11,"column":22},"end":{"line":13,"column":1}},"type":"binary-expr","locations":[{"start":{"line":11,"column":23},"end":{"line":11,"column":27}},{"start":{"line":11,"column":31},"end":{"line":11,"column":51}},{"start":{"line":11,"column":56},"end":{"line":13,"column":1}}],"line":11},"6":{"loc":{"start":{"line":12,"column":11},"end":{"line":12,"column":61}},"type":"cond-expr","locations":[{"start":{"line":12,"column":37},"end":{"line":12,"column":40}},{"start":{"line":12,"column":43},"end":{"line":12,"column":61}}],"line":12},"7":{"loc":{"start":{"line":12,"column":12},"end":{"line":12,"column":33}},"type":"binary-expr","locations":[{"start":{"line":12,"column":12},"end":{"line":12,"column":15}},{"start":{"line":12,"column":19},"end":{"line":12,"column":33}}],"line":12}},"s":{"0":1,"1":1,"2":0,"3":1,"4":1,"5":1,"6":0,"7":0,"8":0,"9":0,"10":2,"11":1,"12":1,"13":1,"14":1,"15":1,"16":1,"17":1,"18":1,"19":0,"20":0,"21":1},"f":{"0":1,"1":1,"2":0,"3":1,"4":1,"5":0,"6":2,"7":1,"8":1,"9":1,"10":0,"11":0},"b":{"0":[1,1,1],"1":[1,0],"2":[1,1],"3":[1,1],"4":[1,1],"5":[1,1,1],"6":[1,0],"7":[1,1]},"inputSourceMap":null,"_coverageSchema":"1a1c01bbd47fc00a2c39e90264f33305004495a9","hash":"e6ecd23a15d52d668714c414c1af91e225133576"}
,"C:\\Users\\RichardEsparza\\Projects\\demo-app-backend\\src\\config\\db.config.ts": {"path":"C:\\Users\\RichardEsparza\\Projects\\demo-app-backend\\src\\config\\db.config.ts","statementMap":{"0":{"start":{"line":1,"column":0},"end":{"line":1,"column":38}},"1":{"start":{"line":3,"column":18},"end":{"line":7,"column":2}},"2":{"start":{"line":9,"column":0},"end":{"line":9,"column":25}}},"fnMap":{},"branchMap":{},"s":{"0":5,"1":5,"2":5},"f":{},"b":{}}
,"C:\\Users\\RichardEsparza\\Projects\\demo-app-backend\\src\\controllers\\entry.controller.ts": {"path":"C:\\Users\\RichardEsparza\\Projects\\demo-app-backend\\src\\controllers\\entry.controller.ts","statementMap":{"0":{"start":{"line":2,"column":0},"end":{"line":2,"column":26}},"1":{"start":{"line":3,"column":0},"end":{"line":3,"column":35}},"2":{"start":{"line":14,"column":4},"end":{"line":14,"column":43}},"3":{"start":{"line":15,"column":4},"end":{"line":15,"column":31}},"4":{"start":{"line":16,"column":4},"end":{"line":16,"column":43}},"5":{"start":{"line":20,"column":4},"end":{"line":59,"column":5}},"6":{"start":{"line":21,"column":23},"end":{"line":21,"column":54}},"7":{"start":{"line":23,"column":6},"end":{"line":55,"column":7}},"8":{"start":{"line":24,"column":21},"end":{"line":24,"column":34}},"9":{"start":{"line":25,"column":18},"end":{"line":25,"column":36}},"10":{"start":{"line":26,"column":34},"end":{"line":26,"column":36}},"11":{"start":{"line":28,"column":8},"end":{"line":48,"column":11}},"12":{"start":{"line":29,"column":23},"end":{"line":29,"column":33}},"13":{"start":{"line":30,"column":34},"end":{"line":30,"column":52}},"14":{"start":{"line":31,"column":31},"end":{"line":31,"column":58}},"15":{"start":{"line":32,"column":33},"end":{"line":32,"column":44}},"16":{"start":{"line":34,"column":27},"end":{"line":34,"column":49}},"17":{"start":{"line":35,"column":24},"end":{"line":35,"column":43}},"18":{"start":{"line":36,"column":29},"end":{"line":36,"column":87}},"19":{"start":{"line":37,"column":30},"end":{"line":37,"column":81}},"20":{"start":{"line":39,"column":25},"end":{"line":39,"column":84}},"21":{"start":{"line":40,"column":31},"end":{"line":40,"column":97}},"22":{"start":{"line":42,"column":10},"end":{"line":47,"column":13}},"23":{"start":{"line":50,"column":8},"end":{"line":50,"column":53}},"24":{"start":{"line":51,"column":8},"end":{"line":51,"column":61}},"25":{"start":{"line":52,"column":8},"end":{"line":52,"column":94}},"26":{"start":{"line":54,"column":8},"end":{"line":54,"column":83}},"27":{"start":{"line":57,"column":6},"end":{"line":57,"column":53}},"28":{"start":{"line":58,"column":6},"end":{"line":58,"column":66}},"29":{"start":{"line":63,"column":4},"end":{"line":69,"column":5}},"30":{"start":{"line":64,"column":20},"end":{"line":64,"column":62}},"31":{"start":{"line":65,"column":6},"end":{"line":65,"column":22}},"32":{"start":{"line":67,"column":6},"end":{"line":67,"column":54}},"33":{"start":{"line":68,"column":6},"end":{"line":68,"column":71}},"34":{"start":{"line":73,"column":4},"end":{"line":79,"column":5}},"35":{"start":{"line":74,"column":6},"end":{"line":74,"column":51}},"36":{"start":{"line":75,"column":6},"end":{"line":75,"column":60}},"37":{"start":{"line":77,"column":6},"end":{"line":77,"column":54}},"38":{"start":{"line":78,"column":6},"end":{"line":78,"column":71}},"39":{"start":{"line":83,"column":4},"end":{"line":101,"column":5}},"40":{"start":{"line":84,"column":23},"end":{"line":84,"column":24}},"41":{"start":{"line":85,"column":22},"end":{"line":85,"column":130}},"42":{"start":{"line":87,"column":28},"end":{"line":87,"column":75}},"43":{"start":{"line":88,"column":27},"end":{"line":88,"column":74}},"44":{"start":{"line":90,"column":23},"end":{"line":93,"column":null}},"45":{"start":{"line":95,"column":6},"end":{"line":95,"column":47}},"46":{"start":{"line":97,"column":6},"end":{"line":97,"column":36}},"47":{"start":{"line":99,"column":6},"end":{"line":99,"column":63}},"48":{"start":{"line":100,"column":6},"end":{"line":100,"column":76}},"49":{"start":{"line":8,"column":0},"end":{"line":8,"column":13}}},"fnMap":{"0":{"name":"(anonymous_17)","decl":{"start":{"line":13,"column":2},"end":{"line":13,"column":14}},"loc":{"start":{"line":13,"column":99},"end":{"line":17,"column":3}}},"1":{"name":"(anonymous_18)","decl":{"start":{"line":19,"column":8},"end":{"line":19,"column":21}},"loc":{"start":{"line":19,"column":49},"end":{"line":60,"column":null}}},"2":{"name":"(anonymous_20)","decl":{"start":{"line":28,"column":26},"end":{"line":28,"column":27}},"loc":{"start":{"line":28,"column":41},"end":{"line":48,"column":9}}},"3":{"name":"(anonymous_21)","decl":{"start":{"line":62,"column":8},"end":{"line":62,"column":18}},"loc":{"start":{"line":62,"column":46},"end":{"line":70,"column":null}}},"4":{"name":"(anonymous_23)","decl":{"start":{"line":72,"column":8},"end":{"line":72,"column":21}},"loc":{"start":{"line":72,"column":49},"end":{"line":80,"column":null}}},"5":{"name":"(anonymous_25)","decl":{"start":{"line":82,"column":8},"end":{"line":82,"column":33}},"loc":{"start":{"line":82,"column":62},"end":{"line":102,"column":null}}}},"branchMap":{"0":{"loc":{"start":{"line":23,"column":6},"end":{"line":55,"column":7}},"type":"if","locations":[{"start":{"line":23,"column":6},"end":{"line":55,"column":7}},{"start":{"line":53,"column":13},"end":{"line":55,"column":7}}]},"1":{"loc":{"start":{"line":39,"column":25},"end":{"line":39,"column":84}},"type":"cond-expr","locations":[{"start":{"line":39,"column":38},"end":{"line":39,"column":72}},{"start":{"line":39,"column":75},"end":{"line":39,"column":84}}]},"2":{"loc":{"start":{"line":40,"column":31},"end":{"line":40,"column":97}},"type":"cond-expr","locations":[{"start":{"line":40,"column":45},"end":{"line":40,"column":85}},{"start":{"line":40,"column":88},"end":{"line":40,"column":97}}]}},"s":{"0":1,"1":1,"2":1,"3":1,"4":1,"5":1,"6":1,"7":1,"8":1,"9":1,"10":1,"11":1,"12":30,"13":30,"14":30,"15":30,"16":30,"17":30,"18":30,"19":30,"20":30,"21":30,"22":30,"23":1,"24":1,"25":1,"26":0,"27":0,"28":0,"29":1,"30":1,"31":1,"32":0,"33":0,"34":1,"35":1,"36":1,"37":0,"38":0,"39":1,"40":1,"41":1,"42":1,"43":1,"44":1,"45":1,"46":1,"47":0,"48":0,"49":1},"f":{"0":1,"1":1,"2":30,"3":1,"4":1,"5":1},"b":{"0":[1,0],"1":[29,1],"2":[28,2]}}
,"C:\\Users\\RichardEsparza\\Projects\\demo-app-backend\\src\\controllers\\usage.controller.ts": {"path":"C:\\Users\\RichardEsparza\\Projects\\demo-app-backend\\src\\controllers\\usage.controller.ts","statementMap":{"0":{"start":{"line":8,"column":4},"end":{"line":8,"column":43}},"1":{"start":{"line":12,"column":4},"end":{"line":18,"column":5}},"2":{"start":{"line":13,"column":20},"end":{"line":13,"column":60}},"3":{"start":{"line":14,"column":6},"end":{"line":14,"column":22}},"4":{"start":{"line":16,"column":6},"end":{"line":16,"column":54}},"5":{"start":{"line":17,"column":6},"end":{"line":17,"column":71}},"6":{"start":{"line":4,"column":0},"end":{"line":4,"column":13}}},"fnMap":{"0":{"name":"(anonymous_7)","decl":{"start":{"line":7,"column":2},"end":{"line":7,"column":14}},"loc":{"start":{"line":7,"column":46},"end":{"line":9,"column":3}}},"1":{"name":"(anonymous_8)","decl":{"start":{"line":11,"column":8},"end":{"line":11,"column":18}},"loc":{"start":{"line":11,"column":46},"end":{"line":19,"column":null}}}},"branchMap":{},"s":{"0":1,"1":1,"2":1,"3":1,"4":0,"5":0,"6":1},"f":{"0":1,"1":1},"b":{}}
,"C:\\Users\\RichardEsparza\\Projects\\demo-app-backend\\src\\models\\entry.model.ts": {"path":"C:\\Users\\RichardEsparza\\Projects\\demo-app-backend\\src\\models\\entry.model.ts","statementMap":{"0":{"start":{"line":1,"column":0},"end":{"line":1,"column":56}},"1":{"start":{"line":2,"column":0},"end":{"line":2,"column":44}},"2":{"start":{"line":24,"column":4},"end":{"line":54,"column":6}},"3":{"start":{"line":58,"column":0},"end":{"line":58,"column":28}},"4":{"start":{"line":60,"column":0},"end":{"line":60,"column":21}}},"fnMap":{"0":{"name":"(anonymous_1)","decl":{"start":{"line":23,"column":9},"end":{"line":23,"column":15}},"loc":{"start":{"line":23,"column":47},"end":{"line":55,"column":3}}}},"branchMap":{},"s":{"0":2,"1":2,"2":2,"3":2,"4":2},"f":{"0":2},"b":{}}
,"C:\\Users\\RichardEsparza\\Projects\\demo-app-backend\\src\\models\\usage.model.ts": {"path":"C:\\Users\\RichardEsparza\\Projects\\demo-app-backend\\src\\models\\usage.model.ts","statementMap":{"0":{"start":{"line":1,"column":0},"end":{"line":1,"column":56}},"1":{"start":{"line":2,"column":0},"end":{"line":2,"column":44}},"2":{"start":{"line":22,"column":4},"end":{"line":46,"column":6}},"3":{"start":{"line":50,"column":0},"end":{"line":50,"column":32}},"4":{"start":{"line":52,"column":0},"end":{"line":52,"column":25}}},"fnMap":{"0":{"name":"(anonymous_1)","decl":{"start":{"line":21,"column":9},"end":{"line":21,"column":15}},"loc":{"start":{"line":21,"column":47},"end":{"line":47,"column":3}}}},"branchMap":{},"s":{"0":3,"1":3,"2":3,"3":3,"4":3},"f":{"0":3},"b":{}}
,"C:\\Users\\RichardEsparza\\Projects\\demo-app-backend\\src\\repositories\\usage.repository.ts": {"path":"C:\\Users\\RichardEsparza\\Projects\\demo-app-backend\\src\\repositories\\usage.repository.ts","statementMap":{"0":{"start":{"line":1,"column":0},"end":{"line":1,"column":46}},"1":{"start":{"line":5,"column":4},"end":{"line":5,"column":33}},"2":{"start":{"line":9,"column":4},"end":{"line":9,"column":71}},"3":{"start":{"line":3,"column":0},"end":{"line":3,"column":13}}},"fnMap":{"0":{"name":"(anonymous_8)","decl":{"start":{"line":4,"column":8},"end":{"line":4,"column":16}},"loc":{"start":{"line":4,"column":58},"end":{"line":6,"column":null}}},"1":{"name":"(anonymous_10)","decl":{"start":{"line":8,"column":8},"end":{"line":8,"column":19}},"loc":{"start":{"line":8,"column":19},"end":{"line":10,"column":null}}}},"branchMap":{},"s":{"0":1,"1":1,"2":0,"3":1},"f":{"0":1,"1":0},"b":{}}
}
