TN:
SF:build\src\config\db.config.js
FNF:0
FNH:0
DA:2,5
DA:3,5
DA:4,5
DA:9,5
LF:4
LH:4
BRF:0
BRH:0
end_of_record
TN:
SF:build\src\controllers\entry.controller.js
FN:2,(anonymous_0)
FN:6,(anonymous_1)
FN:9,(anonymous_2)
FN:13,(anonymous_3)
FN:15,(anonymous_4)
FN:18,(anonymous_5)
FN:19,(anonymous_6)
FN:20,(anonymous_7)
FN:27,(anonymous_8)
FN:35,(anonymous_9)
FN:36,adopt
FN:36,(anonymous_11)
FN:37,(anonymous_12)
FN:38,fulfilled
FN:39,rejected
FN:40,step
FN:44,(anonymous_16)
FN:52,(anonymous_17)
FN:57,(anonymous_18)
FN:58,(anonymous_19)
FN:65,(anonymous_20)
FN:97,(anonymous_21)
FN:98,(anonymous_22)
FN:109,(anonymous_23)
FN:110,(anonymous_24)
FN:121,(anonymous_25)
FN:122,(anonymous_26)
FNF:27
FNH:18
FNDA:0,(anonymous_0)
FNDA:0,(anonymous_1)
FNDA:0,(anonymous_2)
FNDA:0,(anonymous_3)
FNDA:0,(anonymous_4)
FNDA:1,(anonymous_5)
FNDA:0,(anonymous_6)
FNDA:0,(anonymous_7)
FNDA:1,(anonymous_8)
FNDA:4,(anonymous_9)
FNDA:7,adopt
FNDA:0,(anonymous_11)
FNDA:4,(anonymous_12)
FNDA:7,fulfilled
FNDA:0,rejected
FNDA:11,step
FNDA:1,(anonymous_16)
FNDA:1,(anonymous_17)
FNDA:1,(anonymous_18)
FNDA:1,(anonymous_19)
FNDA:30,(anonymous_20)
FNDA:1,(anonymous_21)
FNDA:1,(anonymous_22)
FNDA:1,(anonymous_23)
FNDA:1,(anonymous_24)
FNDA:1,(anonymous_25)
FNDA:1,(anonymous_26)
DA:2,1
DA:3,0
DA:4,0
DA:5,0
DA:6,0
DA:8,0
DA:10,0
DA:11,0
DA:13,1
DA:14,0
DA:16,0
DA:18,1
DA:19,1
DA:20,0
DA:21,0
DA:22,0
DA:23,0
DA:25,0
DA:27,1
DA:28,1
DA:29,0
DA:30,0
DA:31,0
DA:32,0
DA:35,1
DA:36,7
DA:37,4
DA:38,7
DA:39,0
DA:40,11
DA:41,4
DA:44,1
DA:45,1
DA:47,1
DA:48,1
DA:49,1
DA:50,1
DA:53,1
DA:54,1
DA:55,1
DA:58,1
DA:59,1
DA:60,1
DA:61,1
DA:62,1
DA:63,1
DA:64,1
DA:65,1
DA:66,30
DA:67,30
DA:68,30
DA:69,30
DA:70,30
DA:71,30
DA:72,30
DA:73,30
DA:74,30
DA:75,30
DA:76,30
DA:83,1
DA:84,1
DA:85,1
DA:88,0
DA:92,0
DA:93,0
DA:98,1
DA:99,1
DA:100,1
DA:101,1
DA:104,0
DA:105,0
DA:110,1
DA:111,1
DA:112,1
DA:113,1
DA:116,0
DA:117,0
DA:122,1
DA:123,1
DA:124,1
DA:125,1
DA:126,1
DA:127,1
DA:128,1
DA:132,1
DA:133,1
DA:136,0
DA:137,0
DA:142,1
LF:89
LH:61
BRDA:2,0,0,1
BRDA:2,0,1,1
BRDA:2,0,2,1
BRDA:2,1,0,1
BRDA:2,1,1,0
BRDA:3,2,0,0
BRDA:3,2,1,0
BRDA:5,3,0,0
BRDA:5,3,1,0
BRDA:5,4,0,0
BRDA:5,4,1,0
BRDA:5,5,0,0
BRDA:5,5,1,0
BRDA:5,6,0,0
BRDA:5,6,1,0
BRDA:10,7,0,0
BRDA:10,7,1,0
BRDA:13,8,0,1
BRDA:13,8,1,1
BRDA:13,8,2,1
BRDA:13,9,0,1
BRDA:13,9,1,0
BRDA:18,10,0,1
BRDA:18,10,1,1
BRDA:18,10,2,1
BRDA:20,11,0,0
BRDA:20,11,1,0
BRDA:22,12,0,0
BRDA:22,12,1,0
BRDA:28,13,0,1
BRDA:28,13,1,0
BRDA:28,14,0,1
BRDA:28,14,1,1
BRDA:30,15,0,0
BRDA:30,15,1,0
BRDA:30,16,0,0
BRDA:30,16,1,0
BRDA:35,17,0,1
BRDA:35,17,1,1
BRDA:35,17,2,1
BRDA:36,18,0,7
BRDA:36,18,1,0
BRDA:37,19,0,4
BRDA:37,19,1,4
BRDA:40,20,0,4
BRDA:40,20,1,7
BRDA:41,21,0,4
BRDA:41,21,1,4
BRDA:44,22,0,1
BRDA:44,22,1,1
BRDA:44,22,2,1
BRDA:45,23,0,0
BRDA:45,23,1,1
BRDA:45,24,0,1
BRDA:45,24,1,1
BRDA:61,25,0,1
BRDA:61,25,1,0
BRDA:74,26,0,29
BRDA:74,26,1,1
BRDA:75,27,0,28
BRDA:75,27,1,2
BRF:61
BRH:35
end_of_record
TN:
SF:build\src\controllers\usage.controller.js
FN:2,(anonymous_0)
FN:3,adopt
FN:3,(anonymous_2)
FN:4,(anonymous_3)
FN:5,fulfilled
FN:6,rejected
FN:7,step
FN:14,(anonymous_7)
FN:17,(anonymous_8)
FN:18,(anonymous_9)
FNF:10
FNH:8
FNDA:1,(anonymous_0)
FNDA:1,adopt
FNDA:0,(anonymous_2)
FNDA:1,(anonymous_3)
FNDA:1,fulfilled
FNDA:0,rejected
FNDA:2,step
FNDA:1,(anonymous_7)
FNDA:1,(anonymous_8)
FNDA:1,(anonymous_9)
DA:2,1
DA:3,1
DA:4,1
DA:5,1
DA:6,0
DA:7,2
DA:8,1
DA:11,1
DA:12,1
DA:15,1
DA:18,1
DA:19,1
DA:20,1
DA:21,1
DA:24,0
DA:25,0
DA:30,1
LF:17
LH:14
BRDA:2,0,0,1
BRDA:2,0,1,1
BRDA:2,0,2,1
BRDA:3,1,0,1
BRDA:3,1,1,0
BRDA:4,2,0,1
BRDA:4,2,1,1
BRDA:7,3,0,1
BRDA:7,3,1,1
BRDA:8,4,0,1
BRDA:8,4,1,1
BRF:11
BRH:10
end_of_record
TN:
SF:build\src\models\entry.model.js
FN:2,(anonymous_0)
FN:9,(anonymous_1)
FNF:2
FNH:2
FNDA:2,(anonymous_0)
FNDA:2,(anonymous_1)
DA:2,2
DA:3,2
DA:5,2
DA:6,2
DA:7,2
DA:10,2
DA:40,2
DA:41,2
LF:8
LH:8
BRDA:2,0,0,2
BRDA:2,0,1,2
BRDA:2,0,2,2
BRDA:3,1,0,2
BRDA:3,1,1,0
BRDA:3,2,0,2
BRDA:3,2,1,2
BRF:7
BRH:6
end_of_record
TN:
SF:build\src\models\usage.model.js
FN:2,(anonymous_0)
FN:9,(anonymous_1)
FNF:2
FNH:2
FNDA:3,(anonymous_0)
FNDA:3,(anonymous_1)
DA:2,3
DA:3,3
DA:5,3
DA:6,3
DA:7,3
DA:10,3
DA:34,3
DA:35,3
LF:8
LH:8
BRDA:2,0,0,3
BRDA:2,0,1,3
BRDA:2,0,2,3
BRDA:3,1,0,3
BRDA:3,1,1,0
BRDA:3,2,0,3
BRDA:3,2,1,3
BRF:7
BRH:6
end_of_record
TN:
SF:build\src\repositories\usage.repository.js
FN:2,(anonymous_0)
FN:3,adopt
FN:3,(anonymous_2)
FN:4,(anonymous_3)
FN:5,fulfilled
FN:6,rejected
FN:7,step
FN:11,(anonymous_7)
FN:18,(anonymous_8)
FN:19,(anonymous_9)
FN:23,(anonymous_10)
FN:24,(anonymous_11)
FNF:12
FNH:8
FNDA:1,(anonymous_0)
FNDA:1,adopt
FNDA:0,(anonymous_2)
FNDA:1,(anonymous_3)
FNDA:1,fulfilled
FNDA:0,rejected
FNDA:2,step
FNDA:1,(anonymous_7)
FNDA:1,(anonymous_8)
FNDA:1,(anonymous_9)
FNDA:0,(anonymous_10)
FNDA:0,(anonymous_11)
DA:2,1
DA:3,1
DA:4,1
DA:5,1
DA:6,0
DA:7,2
DA:8,1
DA:11,1
DA:12,1
DA:14,1
DA:15,1
DA:16,1
DA:19,1
DA:20,1
DA:24,0
DA:25,0
DA:29,1
LF:17
LH:14
BRDA:2,0,0,1
BRDA:2,0,1,1
BRDA:2,0,2,1
BRDA:3,1,0,1
BRDA:3,1,1,0
BRDA:4,2,0,1
BRDA:4,2,1,1
BRDA:7,3,0,1
BRDA:7,3,1,1
BRDA:8,4,0,1
BRDA:8,4,1,1
BRDA:11,5,0,1
BRDA:11,5,1,1
BRDA:11,5,2,1
BRDA:12,6,0,1
BRDA:12,6,1,0
BRDA:12,7,0,1
BRDA:12,7,1,1
BRF:18
BRH:16
end_of_record
TN:
SF:src\config\db.config.ts
FNF:0
FNH:0
DA:1,5
DA:3,5
DA:9,5
LF:3
LH:3
BRF:0
BRH:0
end_of_record
TN:
SF:src\controllers\entry.controller.ts
FN:13,(anonymous_17)
FN:19,(anonymous_18)
FN:28,(anonymous_20)
FN:62,(anonymous_21)
FN:72,(anonymous_23)
FN:82,(anonymous_25)
FNF:6
FNH:6
FNDA:1,(anonymous_17)
FNDA:1,(anonymous_18)
FNDA:30,(anonymous_20)
FNDA:1,(anonymous_21)
FNDA:1,(anonymous_23)
FNDA:1,(anonymous_25)
DA:2,1
DA:3,1
DA:8,1
DA:14,1
DA:15,1
DA:16,1
DA:20,1
DA:21,1
DA:23,1
DA:24,1
DA:25,1
DA:26,1
DA:28,1
DA:29,30
DA:30,30
DA:31,30
DA:32,30
DA:34,30
DA:35,30
DA:36,30
DA:37,30
DA:39,30
DA:40,30
DA:42,30
DA:50,1
DA:51,1
DA:52,1
DA:54,0
DA:57,0
DA:58,0
DA:63,1
DA:64,1
DA:65,1
DA:67,0
DA:68,0
DA:73,1
DA:74,1
DA:75,1
DA:77,0
DA:78,0
DA:83,1
DA:84,1
DA:85,1
DA:87,1
DA:88,1
DA:90,1
DA:95,1
DA:97,1
DA:99,0
DA:100,0
LF:50
LH:41
BRDA:23,0,0,1
BRDA:23,0,1,0
BRDA:39,1,0,29
BRDA:39,1,1,1
BRDA:40,2,0,28
BRDA:40,2,1,2
BRF:6
BRH:5
end_of_record
TN:
SF:src\controllers\usage.controller.ts
FN:7,(anonymous_7)
FN:11,(anonymous_8)
FNF:2
FNH:2
FNDA:1,(anonymous_7)
FNDA:1,(anonymous_8)
DA:4,1
DA:8,1
DA:12,1
DA:13,1
DA:14,1
DA:16,0
DA:17,0
LF:7
LH:5
BRF:0
BRH:0
end_of_record
TN:
SF:src\models\entry.model.ts
FN:23,(anonymous_1)
FNF:1
FNH:1
FNDA:2,(anonymous_1)
DA:1,2
DA:2,2
DA:24,2
DA:58,2
DA:60,2
LF:5
LH:5
BRF:0
BRH:0
end_of_record
TN:
SF:src\models\usage.model.ts
FN:21,(anonymous_1)
FNF:1
FNH:1
FNDA:3,(anonymous_1)
DA:1,3
DA:2,3
DA:22,3
DA:50,3
DA:52,3
LF:5
LH:5
BRF:0
BRH:0
end_of_record
TN:
SF:src\repositories\usage.repository.ts
FN:4,(anonymous_8)
FN:8,(anonymous_10)
FNF:2
FNH:1
FNDA:1,(anonymous_8)
FNDA:0,(anonymous_10)
DA:1,1
DA:3,1
DA:5,1
DA:9,0
LF:4
LH:3
BRF:0
BRH:0
end_of_record
